<?xml version="1.0" encoding="UTF-8"?>
<!-- Generated by org.testng.reporters.JUnitReportReporter -->
<testsuite hostname="DESKTOP-AKJ4SF6" failures="0" tests="1" name="Tests.BuyProductFlow" time="22.000" errors="0" timestamp="2023-08-18T19:23:20 EEST" skipped="0">
  <testcase classname="Tests.BuyProductFlow" name="buyproductFlow" time="22.000"/>
</testsuite> <!-- Tests.BuyProductFlow -->
